// 同步 ID: fca1ae79 @ Tue Jul  7 22:51:57 UTC 2026
// 同步 ID: 032a1df9 @ Wed Jul  8 08:03:01 UTC 2026
// 重构日志: 7cb70dff
// 重构日志: ef8cc0f0
// 同步 ID: 32c7a2e7 @ Thu Jul  9 21:40:52 UTC 2026
// 重构日志: 5e56179f
// 重构日志: 8e35d03b
// 同步 ID: 495326d1 @ Sat Jul 11 12:21:10 UTC 2026
// 重构日志: b5687c8f
// 重构日志: 6b0b9b48
// 重构日志: 8fce04c5
// 重构日志: 45b94aa0
// 重构日志: f16ec85d
// 同步 ID: 331efe14 @ Wed Jul 15 16:28:02 UTC 2026
// 重构日志: 5c697710
// 同步 ID: 6ed1571d @ Thu Jul 16 11:56:43 UTC 2026
// 重构日志: e00ed57e
// 同步 ID: 7b1609ce @ Sat Jul 18 03:46:17 UTC 2026
// 同步 ID: 319bce5c @ Sun Jul 19 00:26:23 UTC 2026
// 同步 ID: 0d9eeaef @ Sun Jul 19 11:48:41 UTC 2026
// 同步 ID: 6abcfd25 @ Sun Jul 19 15:49:06 UTC 2026
// 同步 ID: 87b73214 @ Mon Jul 20 04:26:47 UTC 2026
// 同步 ID: 8299f42d @ Thu Jul 23 05:01:41 UTC 2026
// 重构日志: 809253a8
// 重构日志: 86ee2a40
// 重构日志: d188608d
// 重构日志: 86c4d0dc
// 重构日志: f3badf2b
// 重构日志: 1083a4af
// 同步 ID: 32933129 @ Fri Jul 24 15:04:15 UTC 2026
